g:\game group project iii\6ccgd001wgamegroupproject\asecendpartii\source\game\debug\vc142.pdb
g:\game group project iii\6ccgd001wgamegroupproject\asecendpartii\source\game\debug\vc142.idb
g:\game group project iii\6ccgd001wgamegroupproject\asecendpartii\source\game\debug\program.obj
g:\game group project iii\6ccgd001wgamegroupproject\asecendpartii\source\game\debug\renderinggame.obj
g:\game group project iii\6ccgd001wgamegroupproject\asecendpartii\source\game\debug\triangledemo.obj
g:\game group project iii\6ccgd001wgamegroupproject\asecendpartii\build\debug\game.pdb
g:\game group project iii\6ccgd001wgamegroupproject\asecendpartii\source\game\debug\game.tlog\cl.read.1.tlog
g:\game group project iii\6ccgd001wgamegroupproject\asecendpartii\source\game\debug\game.tlog\cl.write.1.tlog
g:\game group project iii\6ccgd001wgamegroupproject\asecendpartii\source\game\debug\game.tlog\cl.command.1.tlog
g:\game group project iii\6ccgd001wgamegroupproject\asecendpartii\source\game\debug\game.tlog\link.read.2.tlog
g:\game group project iii\6ccgd001wgamegroupproject\asecendpartii\source\game\debug\game.tlog\link.write.1.tlog
g:\game group project iii\6ccgd001wgamegroupproject\asecendpartii\source\game\debug\game.tlog\link.command.1.tlog
g:\game group project iii\6ccgd001wgamegroupproject\asecendpartii\source\game\debug\game.tlog\link.20012-rc.read.1.tlog
g:\game group project iii\6ccgd001wgamegroupproject\asecendpartii\source\game\debug\game.tlog\link.20012-rc.write.1.tlog
g:\game group project iii\6ccgd001wgamegroupproject\asecendpartii\source\game\debug\game.tlog\link.20012-cvtres.read.1.tlog
g:\game group project iii\6ccgd001wgamegroupproject\asecendpartii\source\game\debug\game.tlog\link.20012-cvtres.write.1.tlog
g:\game group project iii\6ccgd001wgamegroupproject\asecendpartii\source\game\debug\game.tlog\link.20012.read.1.tlog
g:\game group project iii\6ccgd001wgamegroupproject\asecendpartii\source\game\debug\game.tlog\link.20012.write.1.tlog
g:\game group project iii\6ccgd001wgamegroupproject\asecendpartii\source\game\debug\game.tlog\link.read.1.tlog
g:\game group project iii\6ccgd001wgamegroupproject\asecendpartii\source\game\debug\game.tlog\link-rc.read.1.tlog
g:\game group project iii\6ccgd001wgamegroupproject\asecendpartii\source\game\debug\game.tlog\link-rc.write.1.tlog
g:\game group project iii\6ccgd001wgamegroupproject\asecendpartii\source\game\debug\game.tlog\link-cvtres.read.1.tlog
g:\game group project iii\6ccgd001wgamegroupproject\asecendpartii\source\game\debug\game.tlog\link-cvtres.write.1.tlog
