g:\game group project iii\6ccgd001wgamegroupproject\asecendpartii\source\library\debug\library.pdb
g:\game group project iii\6ccgd001wgamegroupproject\asecendpartii\source\library\debug\library.idb
g:\game group project iii\6ccgd001wgamegroupproject\asecendpartii\source\library\debug\gametime.obj
g:\game group project iii\6ccgd001wgamegroupproject\asecendpartii\source\library\debug\gameexception.obj
g:\game group project iii\6ccgd001wgamegroupproject\asecendpartii\source\library\debug\gameclock.obj
g:\game group project iii\6ccgd001wgamegroupproject\asecendpartii\source\library\debug\game.obj
g:\game group project iii\6ccgd001wgamegroupproject\asecendpartii\source\library\debug\vectorhelper.obj
g:\game group project iii\6ccgd001wgamegroupproject\asecendpartii\source\library\debug\utility.obj
g:\game group project iii\6ccgd001wgamegroupproject\asecendpartii\source\library\debug\servicecontainer.obj
g:\game group project iii\6ccgd001wgamegroupproject\asecendpartii\source\library\debug\renderstatehelper.obj
g:\game group project iii\6ccgd001wgamegroupproject\asecendpartii\source\library\debug\mouse.obj
g:\game group project iii\6ccgd001wgamegroupproject\asecendpartii\source\library\debug\matrixhelper.obj
g:\game group project iii\6ccgd001wgamegroupproject\asecendpartii\source\library\debug\keyboard.obj
g:\game group project iii\6ccgd001wgamegroupproject\asecendpartii\source\library\debug\gamecomponent.obj
g:\game group project iii\6ccgd001wgamegroupproject\asecendpartii\source\library\debug\firstpersoncamera.obj
g:\game group project iii\6ccgd001wgamegroupproject\asecendpartii\source\library\debug\drawablegamecomponent.obj
g:\game group project iii\6ccgd001wgamegroupproject\asecendpartii\source\library\debug\camera.obj
g:\game group project iii\6ccgd001wgamegroupproject\asecendpartii\build\debug\libraryd.lib
g:\game group project iii\6ccgd001wgamegroupproject\asecendpartii\source\library\debug\library.tlog\cl.command.1.tlog
g:\game group project iii\6ccgd001wgamegroupproject\asecendpartii\source\library\debug\library.tlog\cl.read.1.tlog
g:\game group project iii\6ccgd001wgamegroupproject\asecendpartii\source\library\debug\library.tlog\cl.write.1.tlog
g:\game group project iii\6ccgd001wgamegroupproject\asecendpartii\source\library\debug\library.tlog\lib-link.read.1.tlog
g:\game group project iii\6ccgd001wgamegroupproject\asecendpartii\source\library\debug\library.tlog\lib-link.write.1.tlog
g:\game group project iii\6ccgd001wgamegroupproject\asecendpartii\source\library\debug\library.tlog\lib.command.1.tlog
