  BasicMaterial.cpp
  C:\Program Files (x86)\Windows Kits\10\Include\10.0.18362.0\um\dinput.h: DIRECTINPUT_VERSION undefined. Defaulting to version 0x0800
  Camera.cpp
  C:\Program Files (x86)\Windows Kits\10\Include\10.0.18362.0\um\dinput.h: DIRECTINPUT_VERSION undefined. Defaulting to version 0x0800
  DrawableGameComponent.cpp
  C:\Program Files (x86)\Windows Kits\10\Include\10.0.18362.0\um\dinput.h: DIRECTINPUT_VERSION undefined. Defaulting to version 0x0800
  Effect.cpp
  C:\Program Files (x86)\Windows Kits\10\Include\10.0.18362.0\um\dinput.h: DIRECTINPUT_VERSION undefined. Defaulting to version 0x0800
  FirstPersonCamera.cpp
  C:\Program Files (x86)\Windows Kits\10\Include\10.0.18362.0\um\dinput.h: DIRECTINPUT_VERSION undefined. Defaulting to version 0x0800
  FpsComponent.cpp
  C:\Program Files (x86)\Windows Kits\10\Include\10.0.18362.0\um\dinput.h: DIRECTINPUT_VERSION undefined. Defaulting to version 0x0800
  Game.cpp
  C:\Program Files (x86)\Windows Kits\10\Include\10.0.18362.0\um\dinput.h: DIRECTINPUT_VERSION undefined. Defaulting to version 0x0800
G:\Game Group Project III\Ascend-Part-II\6CCGD001WGameGroupProjectV4\6CCGD001WGameGroupProject\asecendPartII\source\Library\Game.cpp(200,40): warning C4838:  conversion from 'UINT' to 'LONG' requires a narrowing conversion
  GameClock.cpp
  GameComponent.cpp
  GameException.cpp
  GameTime.cpp
  Keyboard.cpp
  Material.cpp
  MatrixHelper.cpp
  Mesh.cpp
G:\Game Group Project III\Ascend-Part-II\6CCGD001WGameGroupProjectV4\6CCGD001WGameGroupProject\asecendPartII\source\Library\Game.cpp(200,54): warning C4838:  conversion from 'UINT' to 'LONG' requires a narrowing conversion
G:\Game Group Project III\Ascend-Part-II\6CCGD001WGameGroupProjectV4\6CCGD001WGameGroupProject\asecendPartII\source\Library\Game.cpp(200,54): warning C4838: C:\Program Files (x86)\Windows Kits\10\Include\10.0.18362.0\um\dinput.h: DIRECTINPUT_VERSION undefined. Defaulting to version 0x0800
G:\Game Group Project III\Ascend-Part-II\6CCGD001WGameGroupProjectV4\6CCGD001WGameGroupProject\asecendPartII\source\Library\Game.cpp(200,54): warning C4838: C:\Program Files (x86)\Windows Kits\10\Include\10.0.18362.0\um\dinput.h: DIRECTINPUT_VERSION undefined. Defaulting to version 0x0800
G:\Game Group Project III\Ascend-Part-II\6CCGD001WGameGroupProjectV4\6CCGD001WGameGroupProject\asecendPartII\source\Library\Game.cpp(200,54): warning C4838: C:\Program Files (x86)\Windows Kits\10\Include\10.0.18362.0\um\dinput.h: DIRECTINPUT_VERSION undefined. Defaulting to version 0x0800
G:\Game Group Project III\Ascend-Part-II\6CCGD001WGameGroupProjectV4\6CCGD001WGameGroupProject\asecendPartII\source\Library\Game.cpp(200,54): warning C4838: C:\Program Files (x86)\Windows Kits\10\Include\10.0.18362.0\um\dinput.h: DIRECTINPUT_VERSION undefined. Defaulting to version 0x0800
G:\Game Group Project III\Ascend-Part-II\6CCGD001WGameGroupProjectV4\6CCGD001WGameGroupProject\asecendPartII\source\Library\Game.cpp(200,54): warning C4838: C:\Program Files (x86)\Windows Kits\10\Include\10.0.18362.0\um\dinput.h: DIRECTINPUT_VERSION undefined. Defaulting to version 0x0800
G:\Game Group Project III\Ascend-Part-II\6CCGD001WGameGroupProjectV4\6CCGD001WGameGroupProject\external\assimp\include\assimp\quaternion.inl(207,15): warning C4244:  '=': conversion from 'double' to 'TReal', possible loss of data
G:\Game Group Project III\Ascend-Part-II\6CCGD001WGameGroupProjectV4\6CCGD001WGameGroupProject\external\assimp\include\assimp\quaternion.inl(207,15): warning C4244:         with
G:\Game Group Project III\Ascend-Part-II\6CCGD001WGameGroupProjectV4\6CCGD001WGameGroupProject\external\assimp\include\assimp\quaternion.inl(207,15): warning C4244:         [
G:\Game Group Project III\Ascend-Part-II\6CCGD001WGameGroupProjectV4\6CCGD001WGameGroupProject\external\assimp\include\assimp\quaternion.inl(207,15): warning C4244:             TReal=float
G:\Game Group Project III\Ascend-Part-II\6CCGD001WGameGroupProjectV4\6CCGD001WGameGroupProject\external\assimp\include\assimp\quaternion.inl(207,15): warning C4244:         ]
G:\Game Group Project III\Ascend-Part-II\6CCGD001WGameGroupProjectV4\6CCGD001WGameGroupProject\external\assimp\include\assimp\quaternion.inl(186): message :  while compiling class template member function 'void aiQuaterniont<float>::Interpolate(aiQuaterniont<float> &,const aiQuaterniont<float> &,const aiQuaterniont<float> &,TReal)'
G:\Game Group Project III\Ascend-Part-II\6CCGD001WGameGroupProjectV4\6CCGD001WGameGroupProject\external\assimp\include\assimp\quaternion.inl(186): message :         with
G:\Game Group Project III\Ascend-Part-II\6CCGD001WGameGroupProjectV4\6CCGD001WGameGroupProject\external\assimp\include\assimp\quaternion.inl(186): message :         [
G:\Game Group Project III\Ascend-Part-II\6CCGD001WGameGroupProjectV4\6CCGD001WGameGroupProject\external\assimp\include\assimp\quaternion.inl(186): message :             TReal=float
G:\Game Group Project III\Ascend-Part-II\6CCGD001WGameGroupProjectV4\6CCGD001WGameGroupProject\external\assimp\include\assimp\quaternion.inl(186): message :         ]
G:\Game Group Project III\Ascend-Part-II\6CCGD001WGameGroupProjectV4\6CCGD001WGameGroupProject\external\assimp\include\assimp\anim.h(435): message :  see reference to function template instantiation 'void aiQuaterniont<float>::Interpolate(aiQuaterniont<float> &,const aiQuaterniont<float> &,const aiQuaterniont<float> &,TReal)' being compiled
G:\Game Group Project III\Ascend-Part-II\6CCGD001WGameGroupProjectV4\6CCGD001WGameGroupProject\external\assimp\include\assimp\anim.h(435): message :         with
G:\Game Group Project III\Ascend-Part-II\6CCGD001WGameGroupProjectV4\6CCGD001WGameGroupProject\external\assimp\include\assimp\anim.h(435): message :         [
G:\Game Group Project III\Ascend-Part-II\6CCGD001WGameGroupProjectV4\6CCGD001WGameGroupProject\external\assimp\include\assimp\anim.h(435): message :             TReal=float
G:\Game Group Project III\Ascend-Part-II\6CCGD001WGameGroupProjectV4\6CCGD001WGameGroupProject\external\assimp\include\assimp\anim.h(435): message :         ]
G:\Game Group Project III\Ascend-Part-II\6CCGD001WGameGroupProjectV4\6CCGD001WGameGroupProject\external\assimp\include\assimp\anim.h(107): message :  see reference to class template instantiation 'aiQuaterniont<float>' being compiled
G:\Game Group Project III\Ascend-Part-II\6CCGD001WGameGroupProjectV4\6CCGD001WGameGroupProject\external\assimp\include\assimp\quaternion.inl(208,14): warning C4244:  '=': conversion from 'double' to 'TReal', possible loss of data
G:\Game Group Project III\Ascend-Part-II\6CCGD001WGameGroupProjectV4\6CCGD001WGameGroupProject\external\assimp\include\assimp\quaternion.inl(208,14): warning C4244:         with
G:\Game Group Project III\Ascend-Part-II\6CCGD001WGameGroupProjectV4\6CCGD001WGameGroupProject\external\assimp\include\assimp\quaternion.inl(208,14): warning C4244:         [
G:\Game Group Project III\Ascend-Part-II\6CCGD001WGameGroupProjectV4\6CCGD001WGameGroupProject\external\assimp\include\assimp\quaternion.inl(208,14): warning C4244:             TReal=float
G:\Game Group Project III\Ascend-Part-II\6CCGD001WGameGroupProjectV4\6CCGD001WGameGroupProject\external\assimp\include\assimp\quaternion.inl(208,14): warning C4244:         ]
G:\Game Group Project III\Ascend-Part-II\6CCGD001WGameGroupProjectV4\6CCGD001WGameGroupProject\external\assimp\include\assimp\quaternion.inl(209,61): warning C4244:  '=': conversion from 'double' to 'TReal', possible loss of data
G:\Game Group Project III\Ascend-Part-II\6CCGD001WGameGroupProjectV4\6CCGD001WGameGroupProject\external\assimp\include\assimp\quaternion.inl(209,61): warning C4244:         with
G:\Game Group Project III\Ascend-Part-II\6CCGD001WGameGroupProjectV4\6CCGD001WGameGroupProject\external\assimp\include\assimp\quaternion.inl(209,61): warning C4244:         [
G:\Game Group Project III\Ascend-Part-II\6CCGD001WGameGroupProjectV4\6CCGD001WGameGroupProject\external\assimp\include\assimp\quaternion.inl(209,61): warning C4244:             TReal=float
G:\Game Group Project III\Ascend-Part-II\6CCGD001WGameGroupProjectV4\6CCGD001WGameGroupProject\external\assimp\include\assimp\quaternion.inl(209,61): warning C4244:         ]
G:\Game Group Project III\Ascend-Part-II\6CCGD001WGameGroupProjectV4\6CCGD001WGameGroupProject\external\assimp\include\assimp\quaternion.inl(210,33): warning C4244:  '=': conversion from 'double' to 'TReal', possible loss of data
G:\Game Group Project III\Ascend-Part-II\6CCGD001WGameGroupProjectV4\6CCGD001WGameGroupProject\external\assimp\include\assimp\quaternion.inl(210,33): warning C4244:         with
G:\Game Group Project III\Ascend-Part-II\6CCGD001WGameGroupProjectV4\6CCGD001WGameGroupProject\external\assimp\include\assimp\quaternion.inl(210,33): warning C4244:         [
G:\Game Group Project III\Ascend-Part-II\6CCGD001WGameGroupProjectV4\6CCGD001WGameGroupProject\external\assimp\include\assimp\quaternion.inl(210,33): warning C4244:             TReal=float
G:\Game Group Project III\Ascend-Part-II\6CCGD001WGameGroupProjectV4\6CCGD001WGameGroupProject\external\assimp\include\assimp\quaternion.inl(210,33): warning C4244:         ]
G:\Game Group Project III\Ascend-Part-II\6CCGD001WGameGroupProjectV4\6CCGD001WGameGroupProject\external\assimp\include\assimp\vector3.inl(93,13): warning C4244:  'return': conversion from 'double' to 'TReal', possible loss of data
G:\Game Group Project III\Ascend-Part-II\6CCGD001WGameGroupProjectV4\6CCGD001WGameGroupProject\external\assimp\include\assimp\vector3.inl(93,13): warning C4244:         with
G:\Game Group Project III\Ascend-Part-II\6CCGD001WGameGroupProjectV4\6CCGD001WGameGroupProject\external\assimp\include\assimp\vector3.inl(93,13): warning C4244:         [
G:\Game Group Project III\Ascend-Part-II\6CCGD001WGameGroupProjectV4\6CCGD001WGameGroupProject\external\assimp\include\assimp\vector3.inl(93,13): warning C4244:             TReal=float
G:\Game Group Project III\Ascend-Part-II\6CCGD001WGameGroupProjectV4\6CCGD001WGameGroupProject\external\assimp\include\assimp\vector3.inl(93,13): warning C4244:         ]
G:\Game Group Project III\Ascend-Part-II\6CCGD001WGameGroupProjectV4\6CCGD001WGameGroupProject\external\assimp\include\assimp\vector3.inl(92): message :  while compiling class template member function 'TReal aiVector3t<TReal>::Length(void) const'
G:\Game Group Project III\Ascend-Part-II\6CCGD001WGameGroupProjectV4\6CCGD001WGameGroupProject\external\assimp\include\assimp\vector3.inl(92): message :         with
G:\Game Group Project III\Ascend-Part-II\6CCGD001WGameGroupProjectV4\6CCGD001WGameGroupProject\external\assimp\include\assimp\vector3.inl(92): message :         [
G:\Game Group Project III\Ascend-Part-II\6CCGD001WGameGroupProjectV4\6CCGD001WGameGroupProject\external\assimp\include\assimp\vector3.inl(92): message :             TReal=float
G:\Game Group Project III\Ascend-Part-II\6CCGD001WGameGroupProjectV4\6CCGD001WGameGroupProject\external\assimp\include\assimp\vector3.inl(92): message :         ]
G:\Game Group Project III\Ascend-Part-II\6CCGD001WGameGroupProjectV4\6CCGD001WGameGroupProject\external\assimp\include\assimp\vector3.inl(98): message :  see reference to function template instantiation 'TReal aiVector3t<TReal>::Length(void) const' being compiled
G:\Game Group Project III\Ascend-Part-II\6CCGD001WGameGroupProjectV4\6CCGD001WGameGroupProject\external\assimp\include\assimp\vector3.inl(98): message :         with
G:\Game Group Project III\Ascend-Part-II\6CCGD001WGameGroupProjectV4\6CCGD001WGameGroupProject\external\assimp\include\assimp\vector3.inl(98): message :         [
G:\Game Group Project III\Ascend-Part-II\6CCGD001WGameGroupProjectV4\6CCGD001WGameGroupProject\external\assimp\include\assimp\vector3.inl(98): message :             TReal=float
G:\Game Group Project III\Ascend-Part-II\6CCGD001WGameGroupProjectV4\6CCGD001WGameGroupProject\external\assimp\include\assimp\vector3.inl(98): message :         ]
G:\Game Group Project III\Ascend-Part-II\6CCGD001WGameGroupProjectV4\6CCGD001WGameGroupProject\external\assimp\include\assimp\vector3.inl(142): message :  while compiling class template member function 'bool aiVector3t<float>::operator ==(const aiVector3t<float> &) const'
G:\Game Group Project III\Ascend-Part-II\6CCGD001WGameGroupProjectV4\6CCGD001WGameGroupProject\external\assimp\include\assimp\anim.h(82): message :  see reference to function template instantiation 'bool aiVector3t<float>::operator ==(const aiVector3t<float> &) const' being compiled
  Model.cpp
G:\Game Group Project III\Ascend-Part-II\6CCGD001WGameGroupProjectV4\6CCGD001WGameGroupProject\external\assimp\include\assimp\types.h(151): message :  see reference to class template instantiation 'aiVector3t<float>' being compiled
G:\Game Group Project III\Ascend-Part-II\6CCGD001WGameGroupProjectV4\6CCGD001WGameGroupProject\external\assimp\include\assimp\types.h(151): message : C:\Program Files (x86)\Windows Kits\10\Include\10.0.18362.0\um\dinput.h: DIRECTINPUT_VERSION undefined. Defaulting to version 0x0800
G:\Game Group Project III\Ascend-Part-II\6CCGD001WGameGroupProjectV4\6CCGD001WGameGroupProject\external\assimp\include\assimp\quaternion.inl(207,15): warning C4244:  '=': conversion from 'double' to 'TReal', possible loss of data
G:\Game Group Project III\Ascend-Part-II\6CCGD001WGameGroupProjectV4\6CCGD001WGameGroupProject\external\assimp\include\assimp\quaternion.inl(207,15): warning C4244:         with
G:\Game Group Project III\Ascend-Part-II\6CCGD001WGameGroupProjectV4\6CCGD001WGameGroupProject\external\assimp\include\assimp\quaternion.inl(207,15): warning C4244:         [
G:\Game Group Project III\Ascend-Part-II\6CCGD001WGameGroupProjectV4\6CCGD001WGameGroupProject\external\assimp\include\assimp\quaternion.inl(207,15): warning C4244:             TReal=float
G:\Game Group Project III\Ascend-Part-II\6CCGD001WGameGroupProjectV4\6CCGD001WGameGroupProject\external\assimp\include\assimp\quaternion.inl(207,15): warning C4244:         ]
G:\Game Group Project III\Ascend-Part-II\6CCGD001WGameGroupProjectV4\6CCGD001WGameGroupProject\external\assimp\include\assimp\quaternion.inl(186): message :  while compiling class template member function 'void aiQuaterniont<float>::Interpolate(aiQuaterniont<float> &,const aiQuaterniont<float> &,const aiQuaterniont<float> &,TReal)'
G:\Game Group Project III\Ascend-Part-II\6CCGD001WGameGroupProjectV4\6CCGD001WGameGroupProject\external\assimp\include\assimp\quaternion.inl(186): message :         with
G:\Game Group Project III\Ascend-Part-II\6CCGD001WGameGroupProjectV4\6CCGD001WGameGroupProject\external\assimp\include\assimp\quaternion.inl(186): message :         [
G:\Game Group Project III\Ascend-Part-II\6CCGD001WGameGroupProjectV4\6CCGD001WGameGroupProject\external\assimp\include\assimp\quaternion.inl(186): message :             TReal=float
G:\Game Group Project III\Ascend-Part-II\6CCGD001WGameGroupProjectV4\6CCGD001WGameGroupProject\external\assimp\include\assimp\quaternion.inl(186): message :         ]
G:\Game Group Project III\Ascend-Part-II\6CCGD001WGameGroupProjectV4\6CCGD001WGameGroupProject\external\assimp\include\assimp\anim.h(435): message :  see reference to function template instantiation 'void aiQuaterniont<float>::Interpolate(aiQuaterniont<float> &,const aiQuaterniont<float> &,const aiQuaterniont<float> &,TReal)' being compiled
G:\Game Group Project III\Ascend-Part-II\6CCGD001WGameGroupProjectV4\6CCGD001WGameGroupProject\external\assimp\include\assimp\anim.h(435): message :         with
G:\Game Group Project III\Ascend-Part-II\6CCGD001WGameGroupProjectV4\6CCGD001WGameGroupProject\external\assimp\include\assimp\anim.h(435): message :         [
G:\Game Group Project III\Ascend-Part-II\6CCGD001WGameGroupProjectV4\6CCGD001WGameGroupProject\external\assimp\include\assimp\anim.h(435): message :             TReal=float
G:\Game Group Project III\Ascend-Part-II\6CCGD001WGameGroupProjectV4\6CCGD001WGameGroupProject\external\assimp\include\assimp\anim.h(435): message :         ]
G:\Game Group Project III\Ascend-Part-II\6CCGD001WGameGroupProjectV4\6CCGD001WGameGroupProject\external\assimp\include\assimp\anim.h(107): message :  see reference to class template instantiation 'aiQuaterniont<float>' being compiled
G:\Game Group Project III\Ascend-Part-II\6CCGD001WGameGroupProjectV4\6CCGD001WGameGroupProject\external\assimp\include\assimp\quaternion.inl(208,14): warning C4244:  '=': conversion from 'double' to 'TReal', possible loss of data
G:\Game Group Project III\Ascend-Part-II\6CCGD001WGameGroupProjectV4\6CCGD001WGameGroupProject\external\assimp\include\assimp\quaternion.inl(208,14): warning C4244:         with
G:\Game Group Project III\Ascend-Part-II\6CCGD001WGameGroupProjectV4\6CCGD001WGameGroupProject\external\assimp\include\assimp\quaternion.inl(208,14): warning C4244:         [
G:\Game Group Project III\Ascend-Part-II\6CCGD001WGameGroupProjectV4\6CCGD001WGameGroupProject\external\assimp\include\assimp\quaternion.inl(208,14): warning C4244:             TReal=float
G:\Game Group Project III\Ascend-Part-II\6CCGD001WGameGroupProjectV4\6CCGD001WGameGroupProject\external\assimp\include\assimp\quaternion.inl(208,14): warning C4244:         ]
G:\Game Group Project III\Ascend-Part-II\6CCGD001WGameGroupProjectV4\6CCGD001WGameGroupProject\external\assimp\include\assimp\quaternion.inl(209,61): warning C4244:  '=': conversion from 'double' to 'TReal', possible loss of data
G:\Game Group Project III\Ascend-Part-II\6CCGD001WGameGroupProjectV4\6CCGD001WGameGroupProject\external\assimp\include\assimp\quaternion.inl(209,61): warning C4244:         with
G:\Game Group Project III\Ascend-Part-II\6CCGD001WGameGroupProjectV4\6CCGD001WGameGroupProject\external\assimp\include\assimp\quaternion.inl(209,61): warning C4244:         [
G:\Game Group Project III\Ascend-Part-II\6CCGD001WGameGroupProjectV4\6CCGD001WGameGroupProject\external\assimp\include\assimp\quaternion.inl(209,61): warning C4244:             TReal=float
G:\Game Group Project III\Ascend-Part-II\6CCGD001WGameGroupProjectV4\6CCGD001WGameGroupProject\external\assimp\include\assimp\quaternion.inl(209,61): warning C4244:         ]
G:\Game Group Project III\Ascend-Part-II\6CCGD001WGameGroupProjectV4\6CCGD001WGameGroupProject\external\assimp\include\assimp\quaternion.inl(210,33): warning C4244:  '=': conversion from 'double' to 'TReal', possible loss of data
G:\Game Group Project III\Ascend-Part-II\6CCGD001WGameGroupProjectV4\6CCGD001WGameGroupProject\external\assimp\include\assimp\quaternion.inl(210,33): warning C4244:         with
G:\Game Group Project III\Ascend-Part-II\6CCGD001WGameGroupProjectV4\6CCGD001WGameGroupProject\external\assimp\include\assimp\quaternion.inl(210,33): warning C4244:         [
G:\Game Group Project III\Ascend-Part-II\6CCGD001WGameGroupProjectV4\6CCGD001WGameGroupProject\external\assimp\include\assimp\quaternion.inl(210,33): warning C4244:             TReal=float
G:\Game Group Project III\Ascend-Part-II\6CCGD001WGameGroupProjectV4\6CCGD001WGameGroupProject\external\assimp\include\assimp\quaternion.inl(210,33): warning C4244:         ]
G:\Game Group Project III\Ascend-Part-II\6CCGD001WGameGroupProjectV4\6CCGD001WGameGroupProject\external\assimp\include\assimp\vector3.inl(93,13): warning C4244:  'return': conversion from 'double' to 'TReal', possible loss of data
G:\Game Group Project III\Ascend-Part-II\6CCGD001WGameGroupProjectV4\6CCGD001WGameGroupProject\external\assimp\include\assimp\vector3.inl(93,13): warning C4244:         with
G:\Game Group Project III\Ascend-Part-II\6CCGD001WGameGroupProjectV4\6CCGD001WGameGroupProject\external\assimp\include\assimp\vector3.inl(93,13): warning C4244:         [
G:\Game Group Project III\Ascend-Part-II\6CCGD001WGameGroupProjectV4\6CCGD001WGameGroupProject\external\assimp\include\assimp\vector3.inl(93,13): warning C4244:             TReal=float
G:\Game Group Project III\Ascend-Part-II\6CCGD001WGameGroupProjectV4\6CCGD001WGameGroupProject\external\assimp\include\assimp\vector3.inl(93,13): warning C4244:         ]
G:\Game Group Project III\Ascend-Part-II\6CCGD001WGameGroupProjectV4\6CCGD001WGameGroupProject\external\assimp\include\assimp\vector3.inl(92): message :  while compiling class template member function 'TReal aiVector3t<TReal>::Length(void) const'
G:\Game Group Project III\Ascend-Part-II\6CCGD001WGameGroupProjectV4\6CCGD001WGameGroupProject\external\assimp\include\assimp\vector3.inl(92): message :         with
G:\Game Group Project III\Ascend-Part-II\6CCGD001WGameGroupProjectV4\6CCGD001WGameGroupProject\external\assimp\include\assimp\vector3.inl(92): message :         [
G:\Game Group Project III\Ascend-Part-II\6CCGD001WGameGroupProjectV4\6CCGD001WGameGroupProject\external\assimp\include\assimp\vector3.inl(92): message :             TReal=float
G:\Game Group Project III\Ascend-Part-II\6CCGD001WGameGroupProjectV4\6CCGD001WGameGroupProject\external\assimp\include\assimp\vector3.inl(92): message :         ]
G:\Game Group Project III\Ascend-Part-II\6CCGD001WGameGroupProjectV4\6CCGD001WGameGroupProject\external\assimp\include\assimp\vector3.inl(98): message :  see reference to function template instantiation 'TReal aiVector3t<TReal>::Length(void) const' being compiled
G:\Game Group Project III\Ascend-Part-II\6CCGD001WGameGroupProjectV4\6CCGD001WGameGroupProject\external\assimp\include\assimp\vector3.inl(98): message :         with
G:\Game Group Project III\Ascend-Part-II\6CCGD001WGameGroupProjectV4\6CCGD001WGameGroupProject\external\assimp\include\assimp\vector3.inl(98): message :         [
G:\Game Group Project III\Ascend-Part-II\6CCGD001WGameGroupProjectV4\6CCGD001WGameGroupProject\external\assimp\include\assimp\vector3.inl(98): message :             TReal=float
G:\Game Group Project III\Ascend-Part-II\6CCGD001WGameGroupProjectV4\6CCGD001WGameGroupProject\external\assimp\include\assimp\vector3.inl(98): message :         ]
G:\Game Group Project III\Ascend-Part-II\6CCGD001WGameGroupProjectV4\6CCGD001WGameGroupProject\external\assimp\include\assimp\vector3.inl(142): message :  while compiling class template member function 'bool aiVector3t<float>::operator ==(const aiVector3t<float> &) const'
G:\Game Group Project III\Ascend-Part-II\6CCGD001WGameGroupProjectV4\6CCGD001WGameGroupProject\external\assimp\include\assimp\anim.h(82): message :  see reference to function template instantiation 'bool aiVector3t<float>::operator ==(const aiVector3t<float> &) const' being compiled
  ModelMaterial.cpp
G:\Game Group Project III\Ascend-Part-II\6CCGD001WGameGroupProjectV4\6CCGD001WGameGroupProject\external\assimp\include\assimp\types.h(151): message :  see reference to class template instantiation 'aiVector3t<float>' being compiled
G:\Game Group Project III\Ascend-Part-II\6CCGD001WGameGroupProjectV4\6CCGD001WGameGroupProject\external\assimp\include\assimp\types.h(151): message : C:\Program Files (x86)\Windows Kits\10\Include\10.0.18362.0\um\dinput.h: DIRECTINPUT_VERSION undefined. Defaulting to version 0x0800
G:\Game Group Project III\Ascend-Part-II\6CCGD001WGameGroupProjectV4\6CCGD001WGameGroupProject\external\assimp\include\assimp\quaternion.inl(207,15): warning C4244:  '=': conversion from 'double' to 'TReal', possible loss of data
G:\Game Group Project III\Ascend-Part-II\6CCGD001WGameGroupProjectV4\6CCGD001WGameGroupProject\external\assimp\include\assimp\quaternion.inl(207,15): warning C4244:         with
G:\Game Group Project III\Ascend-Part-II\6CCGD001WGameGroupProjectV4\6CCGD001WGameGroupProject\external\assimp\include\assimp\quaternion.inl(207,15): warning C4244:         [
G:\Game Group Project III\Ascend-Part-II\6CCGD001WGameGroupProjectV4\6CCGD001WGameGroupProject\external\assimp\include\assimp\quaternion.inl(207,15): warning C4244:             TReal=float
G:\Game Group Project III\Ascend-Part-II\6CCGD001WGameGroupProjectV4\6CCGD001WGameGroupProject\external\assimp\include\assimp\quaternion.inl(207,15): warning C4244:         ]
G:\Game Group Project III\Ascend-Part-II\6CCGD001WGameGroupProjectV4\6CCGD001WGameGroupProject\external\assimp\include\assimp\quaternion.inl(186): message :  while compiling class template member function 'void aiQuaterniont<float>::Interpolate(aiQuaterniont<float> &,const aiQuaterniont<float> &,const aiQuaterniont<float> &,TReal)'
G:\Game Group Project III\Ascend-Part-II\6CCGD001WGameGroupProjectV4\6CCGD001WGameGroupProject\external\assimp\include\assimp\quaternion.inl(186): message :         with
G:\Game Group Project III\Ascend-Part-II\6CCGD001WGameGroupProjectV4\6CCGD001WGameGroupProject\external\assimp\include\assimp\quaternion.inl(186): message :         [
G:\Game Group Project III\Ascend-Part-II\6CCGD001WGameGroupProjectV4\6CCGD001WGameGroupProject\external\assimp\include\assimp\quaternion.inl(186): message :             TReal=float
G:\Game Group Project III\Ascend-Part-II\6CCGD001WGameGroupProjectV4\6CCGD001WGameGroupProject\external\assimp\include\assimp\quaternion.inl(186): message :         ]
G:\Game Group Project III\Ascend-Part-II\6CCGD001WGameGroupProjectV4\6CCGD001WGameGroupProject\external\assimp\include\assimp\anim.h(435): message :  see reference to function template instantiation 'void aiQuaterniont<float>::Interpolate(aiQuaterniont<float> &,const aiQuaterniont<float> &,const aiQuaterniont<float> &,TReal)' being compiled
G:\Game Group Project III\Ascend-Part-II\6CCGD001WGameGroupProjectV4\6CCGD001WGameGroupProject\external\assimp\include\assimp\anim.h(435): message :         with
G:\Game Group Project III\Ascend-Part-II\6CCGD001WGameGroupProjectV4\6CCGD001WGameGroupProject\external\assimp\include\assimp\anim.h(435): message :         [
G:\Game Group Project III\Ascend-Part-II\6CCGD001WGameGroupProjectV4\6CCGD001WGameGroupProject\external\assimp\include\assimp\anim.h(435): message :             TReal=float
G:\Game Group Project III\Ascend-Part-II\6CCGD001WGameGroupProjectV4\6CCGD001WGameGroupProject\external\assimp\include\assimp\anim.h(435): message :         ]
G:\Game Group Project III\Ascend-Part-II\6CCGD001WGameGroupProjectV4\6CCGD001WGameGroupProject\external\assimp\include\assimp\anim.h(107): message :  see reference to class template instantiation 'aiQuaterniont<float>' being compiled
G:\Game Group Project III\Ascend-Part-II\6CCGD001WGameGroupProjectV4\6CCGD001WGameGroupProject\external\assimp\include\assimp\quaternion.inl(208,14): warning C4244:  '=': conversion from 'double' to 'TReal', possible loss of data
G:\Game Group Project III\Ascend-Part-II\6CCGD001WGameGroupProjectV4\6CCGD001WGameGroupProject\external\assimp\include\assimp\quaternion.inl(208,14): warning C4244:         with
G:\Game Group Project III\Ascend-Part-II\6CCGD001WGameGroupProjectV4\6CCGD001WGameGroupProject\external\assimp\include\assimp\quaternion.inl(208,14): warning C4244:         [
G:\Game Group Project III\Ascend-Part-II\6CCGD001WGameGroupProjectV4\6CCGD001WGameGroupProject\external\assimp\include\assimp\quaternion.inl(208,14): warning C4244:             TReal=float
G:\Game Group Project III\Ascend-Part-II\6CCGD001WGameGroupProjectV4\6CCGD001WGameGroupProject\external\assimp\include\assimp\quaternion.inl(208,14): warning C4244:         ]
G:\Game Group Project III\Ascend-Part-II\6CCGD001WGameGroupProjectV4\6CCGD001WGameGroupProject\external\assimp\include\assimp\quaternion.inl(209,61): warning C4244:  '=': conversion from 'double' to 'TReal', possible loss of data
G:\Game Group Project III\Ascend-Part-II\6CCGD001WGameGroupProjectV4\6CCGD001WGameGroupProject\external\assimp\include\assimp\quaternion.inl(209,61): warning C4244:         with
G:\Game Group Project III\Ascend-Part-II\6CCGD001WGameGroupProjectV4\6CCGD001WGameGroupProject\external\assimp\include\assimp\quaternion.inl(209,61): warning C4244:         [
G:\Game Group Project III\Ascend-Part-II\6CCGD001WGameGroupProjectV4\6CCGD001WGameGroupProject\external\assimp\include\assimp\quaternion.inl(209,61): warning C4244:             TReal=float
G:\Game Group Project III\Ascend-Part-II\6CCGD001WGameGroupProjectV4\6CCGD001WGameGroupProject\external\assimp\include\assimp\quaternion.inl(209,61): warning C4244:         ]
G:\Game Group Project III\Ascend-Part-II\6CCGD001WGameGroupProjectV4\6CCGD001WGameGroupProject\external\assimp\include\assimp\quaternion.inl(210,33): warning C4244:  '=': conversion from 'double' to 'TReal', possible loss of data
G:\Game Group Project III\Ascend-Part-II\6CCGD001WGameGroupProjectV4\6CCGD001WGameGroupProject\external\assimp\include\assimp\quaternion.inl(210,33): warning C4244:         with
G:\Game Group Project III\Ascend-Part-II\6CCGD001WGameGroupProjectV4\6CCGD001WGameGroupProject\external\assimp\include\assimp\quaternion.inl(210,33): warning C4244:         [
G:\Game Group Project III\Ascend-Part-II\6CCGD001WGameGroupProjectV4\6CCGD001WGameGroupProject\external\assimp\include\assimp\quaternion.inl(210,33): warning C4244:             TReal=float
G:\Game Group Project III\Ascend-Part-II\6CCGD001WGameGroupProjectV4\6CCGD001WGameGroupProject\external\assimp\include\assimp\quaternion.inl(210,33): warning C4244:         ]
G:\Game Group Project III\Ascend-Part-II\6CCGD001WGameGroupProjectV4\6CCGD001WGameGroupProject\external\assimp\include\assimp\vector3.inl(93,13): warning C4244:  'return': conversion from 'double' to 'TReal', possible loss of data
G:\Game Group Project III\Ascend-Part-II\6CCGD001WGameGroupProjectV4\6CCGD001WGameGroupProject\external\assimp\include\assimp\vector3.inl(93,13): warning C4244:         with
G:\Game Group Project III\Ascend-Part-II\6CCGD001WGameGroupProjectV4\6CCGD001WGameGroupProject\external\assimp\include\assimp\vector3.inl(93,13): warning C4244:         [
G:\Game Group Project III\Ascend-Part-II\6CCGD001WGameGroupProjectV4\6CCGD001WGameGroupProject\external\assimp\include\assimp\vector3.inl(93,13): warning C4244:             TReal=float
G:\Game Group Project III\Ascend-Part-II\6CCGD001WGameGroupProjectV4\6CCGD001WGameGroupProject\external\assimp\include\assimp\vector3.inl(93,13): warning C4244:         ]
G:\Game Group Project III\Ascend-Part-II\6CCGD001WGameGroupProjectV4\6CCGD001WGameGroupProject\external\assimp\include\assimp\vector3.inl(92): message :  while compiling class template member function 'TReal aiVector3t<TReal>::Length(void) const'
G:\Game Group Project III\Ascend-Part-II\6CCGD001WGameGroupProjectV4\6CCGD001WGameGroupProject\external\assimp\include\assimp\vector3.inl(92): message :         with
G:\Game Group Project III\Ascend-Part-II\6CCGD001WGameGroupProjectV4\6CCGD001WGameGroupProject\external\assimp\include\assimp\vector3.inl(92): message :         [
G:\Game Group Project III\Ascend-Part-II\6CCGD001WGameGroupProjectV4\6CCGD001WGameGroupProject\external\assimp\include\assimp\vector3.inl(92): message :             TReal=float
G:\Game Group Project III\Ascend-Part-II\6CCGD001WGameGroupProjectV4\6CCGD001WGameGroupProject\external\assimp\include\assimp\vector3.inl(92): message :         ]
G:\Game Group Project III\Ascend-Part-II\6CCGD001WGameGroupProjectV4\6CCGD001WGameGroupProject\external\assimp\include\assimp\vector3.inl(98): message :  see reference to function template instantiation 'TReal aiVector3t<TReal>::Length(void) const' being compiled
G:\Game Group Project III\Ascend-Part-II\6CCGD001WGameGroupProjectV4\6CCGD001WGameGroupProject\external\assimp\include\assimp\vector3.inl(98): message :         with
G:\Game Group Project III\Ascend-Part-II\6CCGD001WGameGroupProjectV4\6CCGD001WGameGroupProject\external\assimp\include\assimp\vector3.inl(98): message :         [
G:\Game Group Project III\Ascend-Part-II\6CCGD001WGameGroupProjectV4\6CCGD001WGameGroupProject\external\assimp\include\assimp\vector3.inl(98): message :             TReal=float
G:\Game Group Project III\Ascend-Part-II\6CCGD001WGameGroupProjectV4\6CCGD001WGameGroupProject\external\assimp\include\assimp\vector3.inl(98): message :         ]
G:\Game Group Project III\Ascend-Part-II\6CCGD001WGameGroupProjectV4\6CCGD001WGameGroupProject\external\assimp\include\assimp\vector3.inl(142): message :  while compiling class template member function 'bool aiVector3t<float>::operator ==(const aiVector3t<float> &) const'
G:\Game Group Project III\Ascend-Part-II\6CCGD001WGameGroupProjectV4\6CCGD001WGameGroupProject\external\assimp\include\assimp\anim.h(82): message :  see reference to function template instantiation 'bool aiVector3t<float>::operator ==(const aiVector3t<float> &) const' being compiled
  Mouse.cpp
  Pass.cpp
  RenderStateHelper.cpp
  Generating Code...
  Compiling...
  ServiceContainer.cpp
  Technique.cpp
  Utility.cpp
G:\Game Group Project III\Ascend-Part-II\6CCGD001WGameGroupProjectV4\6CCGD001WGameGroupProject\external\assimp\include\assimp\types.h(151): message :  see reference to class template instantiation 'aiVector3t<float>' being compiled
G:\Game Group Project III\Ascend-Part-II\6CCGD001WGameGroupProjectV4\6CCGD001WGameGroupProject\external\assimp\include\assimp\types.h(151): message : C:\Program Files (x86)\Windows Kits\10\Include\10.0.18362.0\um\dinput.h: DIRECTINPUT_VERSION undefined. Defaulting to version 0x0800
G:\Game Group Project III\Ascend-Part-II\6CCGD001WGameGroupProjectV4\6CCGD001WGameGroupProject\external\assimp\include\assimp\types.h(151): message : C:\Program Files (x86)\Windows Kits\10\Include\10.0.18362.0\um\dinput.h: DIRECTINPUT_VERSION undefined. Defaulting to version 0x0800
G:\Game Group Project III\Ascend-Part-II\6CCGD001WGameGroupProjectV4\6CCGD001WGameGroupProject\external\assimp\include\assimp\types.h(151): message : C:\Program Files (x86)\Windows Kits\10\Include\10.0.18362.0\um\dinput.h: DIRECTINPUT_VERSION undefined. Defaulting to version 0x0800
G:\Game Group Project III\Ascend-Part-II\6CCGD001WGameGroupProjectV4\6CCGD001WGameGroupProject\external\assimp\include\assimp\types.h(151): message : C:\Program Files (x86)\Windows Kits\10\Include\10.0.18362.0\um\dinput.h: DIRECTINPUT_VERSION undefined. Defaulting to version 0x0800
G:\Game Group Project III\Ascend-Part-II\6CCGD001WGameGroupProjectV4\6CCGD001WGameGroupProject\external\assimp\include\assimp\types.h(151): message : C:\Program Files (x86)\Windows Kits\10\Include\10.0.18362.0\um\dinput.h: DIRECTINPUT_VERSION undefined. Defaulting to version 0x0800
G:\Game Group Project III\Ascend-Part-II\6CCGD001WGameGroupProjectV4\6CCGD001WGameGroupProject\external\assimp\include\assimp\types.h(151): message : C:\Program Files (x86)\Windows Kits\10\Include\10.0.18362.0\um\dinput.h: DIRECTINPUT_VERSION undefined. Defaulting to version 0x0800
C:\Program Files (x86)\Microsoft Visual Studio\2019\Enterprise\VC\Tools\MSVC\14.22.27905\include\xstring(2348,23): warning C4244:  'argument': conversion from 'wchar_t' to 'const _Elem', possible loss of data
C:\Program Files (x86)\Microsoft Visual Studio\2019\Enterprise\VC\Tools\MSVC\14.22.27905\include\xstring(2348,23): warning C4244:         with
C:\Program Files (x86)\Microsoft Visual Studio\2019\Enterprise\VC\Tools\MSVC\14.22.27905\include\xstring(2348,23): warning C4244:         [
C:\Program Files (x86)\Microsoft Visual Studio\2019\Enterprise\VC\Tools\MSVC\14.22.27905\include\xstring(2348,23): warning C4244:             _Elem=char
C:\Program Files (x86)\Microsoft Visual Studio\2019\Enterprise\VC\Tools\MSVC\14.22.27905\include\xstring(2348,23): warning C4244:         ]
C:\Program Files (x86)\Microsoft Visual Studio\2019\Enterprise\VC\Tools\MSVC\14.22.27905\include\xstring(2359): message :  see reference to function template instantiation 'void std::basic_string<char,std::char_traits<char>,std::allocator<char>>::_Construct<wchar_t*>(_Iter,const _Iter,std::input_iterator_tag)' being compiled
C:\Program Files (x86)\Microsoft Visual Studio\2019\Enterprise\VC\Tools\MSVC\14.22.27905\include\xstring(2359): message :         with
C:\Program Files (x86)\Microsoft Visual Studio\2019\Enterprise\VC\Tools\MSVC\14.22.27905\include\xstring(2359): message :         [
C:\Program Files (x86)\Microsoft Visual Studio\2019\Enterprise\VC\Tools\MSVC\14.22.27905\include\xstring(2359): message :             _Iter=wchar_t *
C:\Program Files (x86)\Microsoft Visual Studio\2019\Enterprise\VC\Tools\MSVC\14.22.27905\include\xstring(2359): message :         ]
C:\Program Files (x86)\Microsoft Visual Studio\2019\Enterprise\VC\Tools\MSVC\14.22.27905\include\xstring(2359): message :  see reference to function template instantiation 'void std::basic_string<char,std::char_traits<char>,std::allocator<char>>::_Construct<wchar_t*>(_Iter,const _Iter,std::input_iterator_tag)' being compiled
C:\Program Files (x86)\Microsoft Visual Studio\2019\Enterprise\VC\Tools\MSVC\14.22.27905\include\xstring(2359): message :         with
C:\Program Files (x86)\Microsoft Visual Studio\2019\Enterprise\VC\Tools\MSVC\14.22.27905\include\xstring(2359): message :         [
C:\Program Files (x86)\Microsoft Visual Studio\2019\Enterprise\VC\Tools\MSVC\14.22.27905\include\xstring(2359): message :             _Iter=wchar_t *
C:\Program Files (x86)\Microsoft Visual Studio\2019\Enterprise\VC\Tools\MSVC\14.22.27905\include\xstring(2359): message :         ]
C:\Program Files (x86)\Microsoft Visual Studio\2019\Enterprise\VC\Tools\MSVC\14.22.27905\include\xstring(2339): message :  see reference to function template instantiation 'void std::basic_string<char,std::char_traits<char>,std::allocator<char>>::_Construct<wchar_t*>(const _Iter,const _Iter,std::forward_iterator_tag)' being compiled
C:\Program Files (x86)\Microsoft Visual Studio\2019\Enterprise\VC\Tools\MSVC\14.22.27905\include\xstring(2339): message :         with
C:\Program Files (x86)\Microsoft Visual Studio\2019\Enterprise\VC\Tools\MSVC\14.22.27905\include\xstring(2339): message :         [
C:\Program Files (x86)\Microsoft Visual Studio\2019\Enterprise\VC\Tools\MSVC\14.22.27905\include\xstring(2339): message :             _Iter=wchar_t *
C:\Program Files (x86)\Microsoft Visual Studio\2019\Enterprise\VC\Tools\MSVC\14.22.27905\include\xstring(2339): message :         ]
C:\Program Files (x86)\Microsoft Visual Studio\2019\Enterprise\VC\Tools\MSVC\14.22.27905\include\xstring(2339): message :  see reference to function template instantiation 'void std::basic_string<char,std::char_traits<char>,std::allocator<char>>::_Construct<wchar_t*>(const _Iter,const _Iter,std::forward_iterator_tag)' being compiled
C:\Program Files (x86)\Microsoft Visual Studio\2019\Enterprise\VC\Tools\MSVC\14.22.27905\include\xstring(2339): message :         with
C:\Program Files (x86)\Microsoft Visual Studio\2019\Enterprise\VC\Tools\MSVC\14.22.27905\include\xstring(2339): message :         [
C:\Program Files (x86)\Microsoft Visual Studio\2019\Enterprise\VC\Tools\MSVC\14.22.27905\include\xstring(2339): message :             _Iter=wchar_t *
C:\Program Files (x86)\Microsoft Visual Studio\2019\Enterprise\VC\Tools\MSVC\14.22.27905\include\xstring(2339): message :         ]
G:\Game Group Project III\Ascend-Part-II\6CCGD001WGameGroupProjectV4\6CCGD001WGameGroupProject\asecendPartII\source\Library\Utility.cpp(15): message :  see reference to function template instantiation 'std::basic_string<char,std::char_traits<char>,std::allocator<char>>::basic_string<std::_String_iterator<std::_String_val<std::_Simple_types<_Elem>>>,void>(_Iter,_Iter,const _Alloc &)' being compiled
G:\Game Group Project III\Ascend-Part-II\6CCGD001WGameGroupProjectV4\6CCGD001WGameGroupProject\asecendPartII\source\Library\Utility.cpp(15): message :         with
G:\Game Group Project III\Ascend-Part-II\6CCGD001WGameGroupProjectV4\6CCGD001WGameGroupProject\asecendPartII\source\Library\Utility.cpp(15): message :         [
G:\Game Group Project III\Ascend-Part-II\6CCGD001WGameGroupProjectV4\6CCGD001WGameGroupProject\asecendPartII\source\Library\Utility.cpp(15): message :             _Elem=wchar_t,
G:\Game Group Project III\Ascend-Part-II\6CCGD001WGameGroupProjectV4\6CCGD001WGameGroupProject\asecendPartII\source\Library\Utility.cpp(15): message :             _Iter=std::_String_iterator<std::_String_val<std::_Simple_types<wchar_t>>>,
G:\Game Group Project III\Ascend-Part-II\6CCGD001WGameGroupProjectV4\6CCGD001WGameGroupProject\asecendPartII\source\Library\Utility.cpp(15): message :             _Alloc=std::allocator<char>
G:\Game Group Project III\Ascend-Part-II\6CCGD001WGameGroupProjectV4\6CCGD001WGameGroupProject\asecendPartII\source\Library\Utility.cpp(15): message :         ]
  Variable.cpp
  VectorHelper.cpp
  Generating Code...
G:\Game Group Project III\Ascend-Part-II\6CCGD001WGameGroupProjectV4\6CCGD001WGameGroupProject\asecendPartII\source\Library\Utility.cpp(15): message :  see reference to function template instantiation 'std::basic_string<char,std::char_traits<char>,std::allocator<char>>::basic_string<std::_String_iterator<std::_String_val<std::_Simple_types<_Elem>>>,void>(_Iter,_Iter,const _Alloc &)' being compiled
G:\Game Group Project III\Ascend-Part-II\6CCGD001WGameGroupProjectV4\6CCGD001WGameGroupProject\asecendPartII\source\Library\Utility.cpp(15): message :         with
G:\Game Group Project III\Ascend-Part-II\6CCGD001WGameGroupProjectV4\6CCGD001WGameGroupProject\asecendPartII\source\Library\Utility.cpp(15): message :         [
G:\Game Group Project III\Ascend-Part-II\6CCGD001WGameGroupProjectV4\6CCGD001WGameGroupProject\asecendPartII\source\Library\Utility.cpp(15): message :             _Elem=wchar_t,
G:\Game Group Project III\Ascend-Part-II\6CCGD001WGameGroupProjectV4\6CCGD001WGameGroupProject\asecendPartII\source\Library\Utility.cpp(15): message :             _Iter=std::_String_iterator<std::_String_val<std::_Simple_types<wchar_t>>>,
G:\Game Group Project III\Ascend-Part-II\6CCGD001WGameGroupProjectV4\6CCGD001WGameGroupProject\asecendPartII\source\Library\Utility.cpp(15): message :             _Alloc=std::allocator<char>
G:\Game Group Project III\Ascend-Part-II\6CCGD001WGameGroupProjectV4\6CCGD001WGameGroupProject\asecendPartII\source\Library\Utility.cpp(15): message :         ]
G:\Game Group Project III\Ascend-Part-II\6CCGD001WGameGroupProjectV4\6CCGD001WGameGroupProject\asecendPartII\source\Library\Utility.cpp(15): message : C:\Program Files (x86)\Windows Kits\10\Include\10.0.18362.0\um\dinput.h: DIRECTINPUT_VERSION undefined. Defaulting to version 0x0800
G:\Game Group Project III\Ascend-Part-II\6CCGD001WGameGroupProjectV4\6CCGD001WGameGroupProject\asecendPartII\source\Library\Utility.cpp(15): message : C:\Program Files (x86)\Windows Kits\10\Include\10.0.18362.0\um\dinput.h: DIRECTINPUT_VERSION undefined. Defaulting to version 0x0800
  Library.vcxproj -> G:\Game Group Project III\Ascend-Part-II\6CCGD001WGameGroupProjectV4\6CCGD001WGameGroupProject\asecendPartII\build\Debug\Libraryd.lib
  A subdirectory or file G:\Game Group Project III\Ascend-Part-II\6CCGD001WGameGroupProjectV4\6CCGD001WGameGroupProject\asecendPartII\build\..\lib\ already exists.
          1 file(s) copied.
